Determining if the pthread_create exist failed with the following output:
Change Dir: /home/alfarobi/alfarobi_ws/build/CMakeFiles/CMakeTmp

Run Build Command:"/usr/bin/make" "cmTC_341b4/fast"
/usr/bin/make -f CMakeFiles/cmTC_341b4.dir/build.make CMakeFiles/cmTC_341b4.dir/build
make[1]: Entering directory '/home/alfarobi/alfarobi_ws/build/CMakeFiles/CMakeTmp'
Building C object CMakeFiles/cmTC_341b4.dir/CheckSymbolExists.c.o
/usr/bin/cc     -o CMakeFiles/cmTC_341b4.dir/CheckSymbolExists.c.o   -c /home/alfarobi/alfarobi_ws/build/CMakeFiles/CMakeTmp/CheckSymbolExists.c
Linking C executable cmTC_341b4
/usr/bin/cmake -E cmake_link_script CMakeFiles/cmTC_341b4.dir/link.txt --verbose=1
/usr/bin/cc       CMakeFiles/cmTC_341b4.dir/CheckSymbolExists.c.o  -o cmTC_341b4 -rdynamic 
CMakeFiles/cmTC_341b4.dir/CheckSymbolExists.c.o: In function `main':
CheckSymbolExists.c:(.text+0x16): undefined reference to `pthread_create'
collect2: error: ld returned 1 exit status
CMakeFiles/cmTC_341b4.dir/build.make:97: recipe for target 'cmTC_341b4' failed
make[1]: *** [cmTC_341b4] Error 1
make[1]: Leaving directory '/home/alfarobi/alfarobi_ws/build/CMakeFiles/CMakeTmp'
Makefile:126: recipe for target 'cmTC_341b4/fast' failed
make: *** [cmTC_341b4/fast] Error 2

File /home/alfarobi/alfarobi_ws/build/CMakeFiles/CMakeTmp/CheckSymbolExists.c:
/* */
#include <pthread.h>

int main(int argc, char** argv)
{
  (void)argv;
#ifndef pthread_create
  return ((int*)(&pthread_create))[argc];
#else
  (void)argc;
  return 0;
#endif
}

Determining if the function pthread_create exists in the pthreads failed with the following output:
Change Dir: /home/alfarobi/alfarobi_ws/build/CMakeFiles/CMakeTmp

Run Build Command:"/usr/bin/make" "cmTC_9e2b9/fast"
/usr/bin/make -f CMakeFiles/cmTC_9e2b9.dir/build.make CMakeFiles/cmTC_9e2b9.dir/build
make[1]: Entering directory '/home/alfarobi/alfarobi_ws/build/CMakeFiles/CMakeTmp'
Building C object CMakeFiles/cmTC_9e2b9.dir/CheckFunctionExists.c.o
/usr/bin/cc    -DCHECK_FUNCTION_EXISTS=pthread_create   -o CMakeFiles/cmTC_9e2b9.dir/CheckFunctionExists.c.o   -c /usr/share/cmake-3.5/Modules/CheckFunctionExists.c
Linking C executable cmTC_9e2b9
/usr/bin/cmake -E cmake_link_script CMakeFiles/cmTC_9e2b9.dir/link.txt --verbose=1
/usr/bin/cc   -DCHECK_FUNCTION_EXISTS=pthread_create    CMakeFiles/cmTC_9e2b9.dir/CheckFunctionExists.c.o  -o cmTC_9e2b9 -rdynamic -lpthreads 
/usr/bin/ld: cannot find -lpthreads
collect2: error: ld returned 1 exit status
CMakeFiles/cmTC_9e2b9.dir/build.make:97: recipe for target 'cmTC_9e2b9' failed
make[1]: *** [cmTC_9e2b9] Error 1
make[1]: Leaving directory '/home/alfarobi/alfarobi_ws/build/CMakeFiles/CMakeTmp'
Makefile:126: recipe for target 'cmTC_9e2b9/fast' failed
make: *** [cmTC_9e2b9/fast] Error 2


Determining if the Q_WS_WIN exist failed with the following output:
Change Dir: /home/alfarobi/alfarobi_ws/build/CMakeFiles/CMakeTmp

Run Build Command:"/usr/bin/make" "cmTC_fe3cb/fast"
/usr/bin/make -f CMakeFiles/cmTC_fe3cb.dir/build.make CMakeFiles/cmTC_fe3cb.dir/build
make[1]: Entering directory '/home/alfarobi/alfarobi_ws/build/CMakeFiles/CMakeTmp'
Building CXX object CMakeFiles/cmTC_fe3cb.dir/CheckSymbolExists.cxx.o
/usr/bin/c++    -I/usr/include/qt4   -o CMakeFiles/cmTC_fe3cb.dir/CheckSymbolExists.cxx.o -c /home/alfarobi/alfarobi_ws/build/CMakeFiles/CMakeTmp/CheckSymbolExists.cxx
/home/alfarobi/alfarobi_ws/build/CMakeFiles/CMakeTmp/CheckSymbolExists.cxx: In function ‘int main(int, char**)’:
/home/alfarobi/alfarobi_ws/build/CMakeFiles/CMakeTmp/CheckSymbolExists.cxx:8:19: error: ‘Q_WS_WIN’ was not declared in this scope
   return ((int*)(&Q_WS_WIN))[argc];
                   ^
CMakeFiles/cmTC_fe3cb.dir/build.make:65: recipe for target 'CMakeFiles/cmTC_fe3cb.dir/CheckSymbolExists.cxx.o' failed
make[1]: *** [CMakeFiles/cmTC_fe3cb.dir/CheckSymbolExists.cxx.o] Error 1
make[1]: Leaving directory '/home/alfarobi/alfarobi_ws/build/CMakeFiles/CMakeTmp'
Makefile:126: recipe for target 'cmTC_fe3cb/fast' failed
make: *** [cmTC_fe3cb/fast] Error 2

File /home/alfarobi/alfarobi_ws/build/CMakeFiles/CMakeTmp/CheckSymbolExists.cxx:
/* */
#include <QtCore/qglobal.h>

int main(int argc, char** argv)
{
  (void)argv;
#ifndef Q_WS_WIN
  return ((int*)(&Q_WS_WIN))[argc];
#else
  (void)argc;
  return 0;
#endif
}

Determining if the Q_WS_QWS exist failed with the following output:
Change Dir: /home/alfarobi/alfarobi_ws/build/CMakeFiles/CMakeTmp

Run Build Command:"/usr/bin/make" "cmTC_f9116/fast"
/usr/bin/make -f CMakeFiles/cmTC_f9116.dir/build.make CMakeFiles/cmTC_f9116.dir/build
make[1]: Entering directory '/home/alfarobi/alfarobi_ws/build/CMakeFiles/CMakeTmp'
Building CXX object CMakeFiles/cmTC_f9116.dir/CheckSymbolExists.cxx.o
/usr/bin/c++    -I/usr/include/qt4   -o CMakeFiles/cmTC_f9116.dir/CheckSymbolExists.cxx.o -c /home/alfarobi/alfarobi_ws/build/CMakeFiles/CMakeTmp/CheckSymbolExists.cxx
/home/alfarobi/alfarobi_ws/build/CMakeFiles/CMakeTmp/CheckSymbolExists.cxx: In function ‘int main(int, char**)’:
/home/alfarobi/alfarobi_ws/build/CMakeFiles/CMakeTmp/CheckSymbolExists.cxx:8:19: error: ‘Q_WS_QWS’ was not declared in this scope
   return ((int*)(&Q_WS_QWS))[argc];
                   ^
CMakeFiles/cmTC_f9116.dir/build.make:65: recipe for target 'CMakeFiles/cmTC_f9116.dir/CheckSymbolExists.cxx.o' failed
make[1]: *** [CMakeFiles/cmTC_f9116.dir/CheckSymbolExists.cxx.o] Error 1
make[1]: Leaving directory '/home/alfarobi/alfarobi_ws/build/CMakeFiles/CMakeTmp'
Makefile:126: recipe for target 'cmTC_f9116/fast' failed
make: *** [cmTC_f9116/fast] Error 2

File /home/alfarobi/alfarobi_ws/build/CMakeFiles/CMakeTmp/CheckSymbolExists.cxx:
/* */
#include <QtCore/qglobal.h>

int main(int argc, char** argv)
{
  (void)argv;
#ifndef Q_WS_QWS
  return ((int*)(&Q_WS_QWS))[argc];
#else
  (void)argc;
  return 0;
#endif
}

Determining if the Q_WS_MAC exist failed with the following output:
Change Dir: /home/alfarobi/alfarobi_ws/build/CMakeFiles/CMakeTmp

Run Build Command:"/usr/bin/make" "cmTC_211cc/fast"
/usr/bin/make -f CMakeFiles/cmTC_211cc.dir/build.make CMakeFiles/cmTC_211cc.dir/build
make[1]: Entering directory '/home/alfarobi/alfarobi_ws/build/CMakeFiles/CMakeTmp'
Building CXX object CMakeFiles/cmTC_211cc.dir/CheckSymbolExists.cxx.o
/usr/bin/c++    -I/usr/include/qt4   -o CMakeFiles/cmTC_211cc.dir/CheckSymbolExists.cxx.o -c /home/alfarobi/alfarobi_ws/build/CMakeFiles/CMakeTmp/CheckSymbolExists.cxx
/home/alfarobi/alfarobi_ws/build/CMakeFiles/CMakeTmp/CheckSymbolExists.cxx: In function ‘int main(int, char**)’:
/home/alfarobi/alfarobi_ws/build/CMakeFiles/CMakeTmp/CheckSymbolExists.cxx:8:19: error: ‘Q_WS_MAC’ was not declared in this scope
   return ((int*)(&Q_WS_MAC))[argc];
                   ^
CMakeFiles/cmTC_211cc.dir/build.make:65: recipe for target 'CMakeFiles/cmTC_211cc.dir/CheckSymbolExists.cxx.o' failed
make[1]: *** [CMakeFiles/cmTC_211cc.dir/CheckSymbolExists.cxx.o] Error 1
make[1]: Leaving directory '/home/alfarobi/alfarobi_ws/build/CMakeFiles/CMakeTmp'
Makefile:126: recipe for target 'cmTC_211cc/fast' failed
make: *** [cmTC_211cc/fast] Error 2

File /home/alfarobi/alfarobi_ws/build/CMakeFiles/CMakeTmp/CheckSymbolExists.cxx:
/* */
#include <QtCore/qglobal.h>

int main(int argc, char** argv)
{
  (void)argv;
#ifndef Q_WS_MAC
  return ((int*)(&Q_WS_MAC))[argc];
#else
  (void)argc;
  return 0;
#endif
}

